<?xml version="1.0" encoding="UTF-8" ?>
<testsuite tests="35" failures="0" name="br.ce.wcaquino.runners.RunnerTest" time="0.006" errors="0" skipped="0">
  <properties>
[...]
</properties>
  <testcase classname="Cenário: Deve alugar um filme com sucesso" name="Dado um filme" time="0.003"/>
  <testcase classname="Cenário: Deve alugar um filme com sucesso" name="Quando alugar" time="0"/>
  <testcase classname="Cenário: Deve alugar um filme com sucesso" name="Então o preço do aluguel sera R$ 3" time="0"/>
  <testcase classname="Cenário: Deve alugar um filme com sucesso" name="E a data de entrega sera em 1 dias" time="0"/>
  <testcase classname="Cenário: Deve alugar um filme com sucesso" name="E o estoque do filme sera 1 unidade" time="0"/>
  <testcase classname="Cenário: Deve alugar um filme com sucesso" name="Cenário: Deve alugar um filme com sucesso" time="0"/>
  <testcase classname="Cenário: Não deve alugar filme sem estoque" name="Dado um filme com stoque de 0 unidades" time="0"/>
  <testcase classname="Cenário: Não deve alugar filme sem estoque" name="Quando alugar" time="0"/>
  <testcase classname="Cenário: Não deve alugar filme sem estoque" name="Então não sera possivel por falta de estoque" time="0"/>
  <testcase classname="Cenário: Não deve alugar filme sem estoque" name="E o estoque do filme sera 0 unidade" time="0.001"/>
  <testcase classname="Cenário: Não deve alugar filme sem estoque" name="Cenário: Não deve alugar filme sem estoque" time="0.001"/>
  <testcase classname="| 4 | extendido | 8 | 3 | 2 |" name="Dado um filme com stoque de 2 unidades" time="0"/>
  <testcase classname="| 4 | extendido | 8 | 3 | 2 |" name="E que o preço de aluguel seja R$ 4" time="0"/>
  <testcase classname="| 4 | extendido | 8 | 3 | 2 |" name="E que o tipo do aluguel seja extendido" time="0"/>
  <testcase classname="| 4 | extendido | 8 | 3 | 2 |" name="Quando alugar" time="0"/>
  <testcase classname="| 4 | extendido | 8 | 3 | 2 |" name="Então o preço do aluguel sera R$ 8" time="0"/>
  <testcase classname="| 4 | extendido | 8 | 3 | 2 |" name="E a data de entrega sera em 3 dias" time="0"/>
  <testcase classname="| 4 | extendido | 8 | 3 | 2 |" name="E a pontuação recebida sera 2 pontos" time="0"/>
  <testcase classname="| 4 | extendido | 8 | 3 | 2 |" name="| 4 | extendido | 8 | 3 | 2 |" time="0"/>
  <testcase classname="| 4 | comum | 4 | 1 | 1 |" name="Dado um filme com stoque de 2 unidades" time="0"/>
  <testcase classname="| 4 | comum | 4 | 1 | 1 |" name="E que o preço de aluguel seja R$ 4" time="0"/>
  <testcase classname="| 4 | comum | 4 | 1 | 1 |" name="E que o tipo do aluguel seja comum" time="0"/>
  <testcase classname="| 4 | comum | 4 | 1 | 1 |" name="Quando alugar" time="0"/>
  <testcase classname="| 4 | comum | 4 | 1 | 1 |" name="Então o preço do aluguel sera R$ 4" time="0"/>
  <testcase classname="| 4 | comum | 4 | 1 | 1 |" name="E a data de entrega sera em 1 dias" time="0"/>
  <testcase classname="| 4 | comum | 4 | 1 | 1 |" name="E a pontuação recebida sera 1 pontos" time="0"/>
  <testcase classname="| 4 | comum | 4 | 1 | 1 |" name="| 4 | comum | 4 | 1 | 1 |" time="0.001"/>
  <testcase classname="| 5 | semanal | 15 | 7 | 3 |" name="Dado um filme com stoque de 2 unidades" time="0"/>
  <testcase classname="| 5 | semanal | 15 | 7 | 3 |" name="E que o preço de aluguel seja R$ 5" time="0"/>
  <testcase classname="| 5 | semanal | 15 | 7 | 3 |" name="E que o tipo do aluguel seja semanal" time="0"/>
  <testcase classname="| 5 | semanal | 15 | 7 | 3 |" name="Quando alugar" time="0"/>
  <testcase classname="| 5 | semanal | 15 | 7 | 3 |" name="Então o preço do aluguel sera R$ 15" time="0"/>
  <testcase classname="| 5 | semanal | 15 | 7 | 3 |" name="E a data de entrega sera em 7 dias" time="0"/>
  <testcase classname="| 5 | semanal | 15 | 7 | 3 |" name="E a pontuação recebida sera 3 pontos" time="0"/>
  <testcase classname="| 5 | semanal | 15 | 7 | 3 |" name="| 5 | semanal | 15 | 7 | 3 |" time="0"/>
</testsuite>